<?xml version="1.0" encoding="UTF-8"?><testsuite errors="1" failures="0" name="Login saucelabs ap" skipped="0" tests="1" time="11.89" timestamp="2023-04-05 12:32:40"><testcase name="Login with valid credentials"><error type="java.lang.reflect.InvocationTargetException"/><system-err>null&#13;
io.appium.java_client.remote.AppiumCommandExecutor.createSession(AppiumCommandExecutor.java:225)&#13;
io.appium.java_client.remote.AppiumCommandExecutor.execute(AppiumCommandExecutor.java:247)&#13;
io.appium.java_client.DefaultGenericMobileDriver.execute(DefaultGenericMobileDriver.java:41)&#13;
io.appium.java_client.AppiumDriver.execute(AppiumDriver.java:1)&#13;
io.appium.java_client.ios.IOSDriver.execute(IOSDriver.java:1)&#13;
io.appium.java_client.AppiumDriver.startSession(AppiumDriver.java:338)&#13;
io.appium.java_client.DefaultGenericMobileDriver.&lt;init&gt;(DefaultGenericMobileDriver.java:37)&#13;
io.appium.java_client.AppiumDriver.&lt;init&gt;(AppiumDriver.java:89)&#13;
io.appium.java_client.AppiumDriver.&lt;init&gt;(AppiumDriver.java:99)&#13;
io.appium.java_client.ios.IOSDriver.&lt;init&gt;(IOSDriver.java:90)&#13;
IOS.demoapk.driver.IOSDriver.configureDriver(IOSDriver.java:33)&#13;
IOS.demoapk.stepdefinitions.LoginStepsDefinitions.userWantsToBuySomeClothes(LoginStepsDefinitions.java:20)&#13;
io.cucumber.java.Invoker.doInvoke(Invoker.java:66)&#13;
io.cucumber.java.Invoker.invoke(Invoker.java:24)&#13;
io.cucumber.java.AbstractGlueDefinition.invokeMethod(AbstractGlueDefinition.java:47)&#13;
io.cucumber.java.JavaStepDefinition.execute(JavaStepDefinition.java:29)&#13;
io.cucumber.core.runner.CoreStepDefinition.execute(CoreStepDefinition.java:66)&#13;
io.cucumber.core.runner.PickleStepDefinitionMatch.runStep(PickleStepDefinitionMatch.java:63)&#13;
io.cucumber.core.runner.TestStep.executeStep(TestStep.java:92)&#13;
io.cucumber.core.runner.TestStep.run(TestStep.java:64)&#13;
io.cucumber.core.runner.PickleStepTestStep.run(PickleStepTestStep.java:51)&#13;
io.cucumber.core.runner.TestCase.run(TestCase.java:104)&#13;
io.cucumber.core.runner.Runner.runPickle(Runner.java:73)&#13;
io.cucumber.junit.FeatureRunner.runChild(FeatureRunner.java:135)&#13;
io.cucumber.junit.FeatureRunner.runChild(FeatureRunner.java:27)&#13;
io.cucumber.junit.CucumberSerenityRunner.runChild(CucumberSerenityRunner.java:258)&#13;
io.cucumber.junit.CucumberSerenityRunner.runChild(CucumberSerenityRunner.java:57)&#13;
</system-err></testcase></testsuite>